-------------------------------------------------------------------------------
Test set: ie.gmit.text.CalculatorTest
-------------------------------------------------------------------------------
Tests run: 4, Failures: 1, Errors: 0, Skipped: 0, Time elapsed: 0.04 s <<< FAILURE! - in ie.gmit.text.CalculatorTest
ie.gmit.text.CalculatorTest.testdiv  Time elapsed: 0.004 s  <<< FAILURE!
org.opentest4j.AssertionFailedError: expected: <2> but was: <5>
	at ie.gmit.text.CalculatorTest.testdiv(CalculatorTest.java:26)

